C:\Users\norrisl\Documents\RPackages\O4R\VSO4R\O4R\x64\Release\cl.command.1.tlog
C:\Users\norrisl\Documents\RPackages\O4R\VSO4R\O4R\x64\Release\CL.read.1.tlog
C:\Users\norrisl\Documents\RPackages\O4R\VSO4R\O4R\x64\Release\CL.write.1.tlog
C:\USERS\NORRISL\DOCUMENTS\RPACKAGES\O4R\VSO4R\O4R\X64\RELEASE\COMEROR.OBJ
C:\USERS\NORRISL\DOCUMENTS\RPACKAGES\O4R\VSO4R\O4R\X64\RELEASE\COMVARIANT.OBJ
C:\Users\norrisl\Documents\RPackages\O4R\VSO4R\O4R\x64\Release\link.command.1.tlog
C:\Users\norrisl\Documents\RPackages\O4R\VSO4R\O4R\x64\Release\link.read.1.tlog
C:\Users\norrisl\Documents\RPackages\O4R\VSO4R\O4R\x64\Release\link.write.1.tlog
C:\Users\norrisl\Documents\RPackages\O4R\VSO4R\O4R\x64\Release\mt.command.1.tlog
C:\Users\norrisl\Documents\RPackages\O4R\VSO4R\O4R\x64\Release\mt.read.1.tlog
C:\Users\norrisl\Documents\RPackages\O4R\VSO4R\O4R\x64\Release\mt.write.1.tlog
C:\Users\norrisl\Documents\RPackages\O4R\VSO4R\O4R\x64\Release\O4R.dll.intermediate.manifest
C:\USERS\NORRISL\DOCUMENTS\RPACKAGES\O4R\VSO4R\O4R\X64\RELEASE\O4R.OBJ
C:\Users\norrisl\Documents\RPackages\O4R\VSO4R\O4R\x64\Release\O4R.write.1.tlog
C:\USERS\NORRISL\DOCUMENTS\RPACKAGES\O4R\VSO4R\O4R\X64\RELEASE\ODBOPROVIDERPROXY.OBJ
C:\USERS\NORRISL\DOCUMENTS\RPACKAGES\O4R\VSO4R\O4R\X64\RELEASE\ODBOUTILS.OBJ
C:\USERS\NORRISL\DOCUMENTS\RPACKAGES\O4R\VSO4R\O4R\X64\RELEASE\PARAMTERMAP.OBJ
C:\USERS\NORRISL\DOCUMENTS\RPACKAGES\O4R\VSO4R\O4R\X64\RELEASE\UNICODE.OBJ
C:\USERS\NORRISL\DOCUMENTS\RPACKAGES\O4R\VSO4R\O4R\X64\RELEASE\VARIANTPROXY.OBJ
C:\USERS\NORRISL\DOCUMENTS\RPACKAGES\O4R\VSO4R\O4R\X64\RELEASE\VC100.PDB
C:\USERS\NORRISL\DOCUMENTS\RPACKAGES\O4R\VSO4R\X64\RELEASE\O4R.DLL
C:\Users\norrisl\Documents\RPackages\O4R\VSO4R\x64\Release\O4R.exp
C:\Users\norrisl\Documents\RPackages\O4R\VSO4R\x64\Release\O4R.lib
C:\Users\norrisl\Documents\RPackages\O4R\VSO4R\x64\Release\O4R.pdb
