C:\USERS\NORRISL\DOCUMENTS\RPACKAGES\O4R\VSO4R\O4R\X64\RELEASE\COMEROR.OBJ
C:\USERS\NORRISL\DOCUMENTS\RPACKAGES\O4R\VSO4R\O4R\X64\RELEASE\COMVARIANT.OBJ
C:\USERS\NORRISL\DOCUMENTS\RPACKAGES\O4R\VSO4R\O4R\X64\RELEASE\O4R.DLL.INTERMEDIATE.MANIFEST
C:\USERS\NORRISL\DOCUMENTS\RPACKAGES\O4R\VSO4R\O4R\X64\RELEASE\O4R.OBJ
C:\USERS\NORRISL\DOCUMENTS\RPACKAGES\O4R\VSO4R\O4R\X64\RELEASE\ODBOPROVIDERPROXY.OBJ
C:\USERS\NORRISL\DOCUMENTS\RPACKAGES\O4R\VSO4R\O4R\X64\RELEASE\ODBOUTILS.OBJ
C:\USERS\NORRISL\DOCUMENTS\RPACKAGES\O4R\VSO4R\O4R\X64\RELEASE\PARAMTERMAP.OBJ
C:\USERS\NORRISL\DOCUMENTS\RPACKAGES\O4R\VSO4R\O4R\X64\RELEASE\UNICODE.OBJ
C:\USERS\NORRISL\DOCUMENTS\RPACKAGES\O4R\VSO4R\O4R\X64\RELEASE\VARIANTPROXY.OBJ
C:\USERS\NORRISL\DOCUMENTS\RPACKAGES\O4R\VSO4R\O4R\X64\RELEASE\VC100.PDB
C:\Users\norrisl\Documents\RPackages\O4R\VSO4R\VSO4R\x64\Release\cl.command.1.tlog
C:\Users\norrisl\Documents\RPackages\O4R\VSO4R\VSO4R\x64\Release\CL.read.1.tlog
C:\Users\norrisl\Documents\RPackages\O4R\VSO4R\VSO4R\x64\Release\CL.write.1.tlog
C:\Users\norrisl\Documents\RPackages\O4R\VSO4R\VSO4R\x64\Release\COMEror.obj
C:\Users\norrisl\Documents\RPackages\O4R\VSO4R\VSO4R\x64\Release\COMVariant.obj
C:\Users\norrisl\Documents\RPackages\O4R\VSO4R\VSO4R\x64\Release\link.command.1.tlog
C:\Users\norrisl\Documents\RPackages\O4R\VSO4R\VSO4R\x64\Release\link.read.1.tlog
C:\Users\norrisl\Documents\RPackages\O4R\VSO4R\VSO4R\x64\Release\link.write.1.tlog
C:\Users\norrisl\Documents\RPackages\O4R\VSO4R\VSO4R\x64\Release\mt.command.1.tlog
C:\Users\norrisl\Documents\RPackages\O4R\VSO4R\VSO4R\x64\Release\mt.read.1.tlog
C:\Users\norrisl\Documents\RPackages\O4R\VSO4R\VSO4R\x64\Release\mt.write.1.tlog
C:\Users\norrisl\Documents\RPackages\O4R\VSO4R\VSO4R\x64\Release\O4R.dll.intermediate.manifest
C:\Users\norrisl\Documents\RPackages\O4R\VSO4R\VSO4R\x64\Release\O4R.obj
C:\Users\norrisl\Documents\RPackages\O4R\VSO4R\VSO4R\x64\Release\ODBOProviderProxy.obj
C:\Users\norrisl\Documents\RPackages\O4R\VSO4R\VSO4R\x64\Release\ODBOUtils.obj
C:\Users\norrisl\Documents\RPackages\O4R\VSO4R\VSO4R\x64\Release\ParamterMap.obj
C:\Users\norrisl\Documents\RPackages\O4R\VSO4R\VSO4R\x64\Release\Unicode.obj
C:\Users\norrisl\Documents\RPackages\O4R\VSO4R\VSO4R\x64\Release\VariantProxy.obj
C:\Users\norrisl\Documents\RPackages\O4R\VSO4R\VSO4R\x64\Release\vc100.pdb
C:\USERS\NORRISL\DOCUMENTS\RPACKAGES\O4R\VSO4R\X64\RELEASE\O4R.DLL
C:\USERS\NORRISL\DOCUMENTS\RPACKAGES\O4R\VSO4R\X64\RELEASE\O4R.PDB
