C:\Users\norrisl\Documents\RPackages\O4R\VSO4R\O4R\Release\cl.command.1.tlog
C:\Users\norrisl\Documents\RPackages\O4R\VSO4R\O4R\Release\CL.read.1.tlog
C:\Users\norrisl\Documents\RPackages\O4R\VSO4R\O4R\Release\CL.write.1.tlog
C:\USERS\NORRISL\DOCUMENTS\RPACKAGES\O4R\VSO4R\O4R\RELEASE\COMEROR.OBJ
C:\USERS\NORRISL\DOCUMENTS\RPACKAGES\O4R\VSO4R\O4R\RELEASE\COMVARIANT.OBJ
C:\Users\norrisl\Documents\RPackages\O4R\VSO4R\O4R\Release\link.command.1.tlog
C:\Users\norrisl\Documents\RPackages\O4R\VSO4R\O4R\Release\link.read.1.tlog
C:\Users\norrisl\Documents\RPackages\O4R\VSO4R\O4R\Release\link.write.1.tlog
C:\Users\norrisl\Documents\RPackages\O4R\VSO4R\O4R\Release\mt.command.1.tlog
C:\Users\norrisl\Documents\RPackages\O4R\VSO4R\O4R\Release\mt.read.1.tlog
C:\Users\norrisl\Documents\RPackages\O4R\VSO4R\O4R\Release\mt.write.1.tlog
C:\USERS\NORRISL\DOCUMENTS\RPACKAGES\O4R\VSO4R\O4R\RELEASE\O4R.DLL.INTERMEDIATE.MANIFEST
C:\USERS\NORRISL\DOCUMENTS\RPACKAGES\O4R\VSO4R\O4R\RELEASE\O4R.OBJ
C:\USERS\NORRISL\DOCUMENTS\RPACKAGES\O4R\VSO4R\O4R\RELEASE\ODBOPROVIDERPROXY.OBJ
C:\USERS\NORRISL\DOCUMENTS\RPACKAGES\O4R\VSO4R\O4R\RELEASE\ODBOUTILS.OBJ
C:\USERS\NORRISL\DOCUMENTS\RPACKAGES\O4R\VSO4R\O4R\RELEASE\PARAMTERMAP.OBJ
C:\USERS\NORRISL\DOCUMENTS\RPACKAGES\O4R\VSO4R\O4R\RELEASE\UNICODE.OBJ
C:\USERS\NORRISL\DOCUMENTS\RPACKAGES\O4R\VSO4R\O4R\RELEASE\VARIANTPROXY.OBJ
C:\USERS\NORRISL\DOCUMENTS\RPACKAGES\O4R\VSO4R\O4R\RELEASE\VC100.PDB
C:\USERS\NORRISL\DOCUMENTS\RPACKAGES\O4R\VSO4R\RELEASE\O4R.DLL
C:\USERS\NORRISL\DOCUMENTS\RPACKAGES\O4R\VSO4R\RELEASE\O4R.PDB
