C:\USERS\NORRISL\DOCUMENTS\RPACKAGES\O4R\SRC\VSO4R.DLL
C:\Users\norrisl\Documents\RPackages\O4R\src\VSO4R.exp
C:\Users\norrisl\Documents\RPackages\O4R\src\VSO4R.lib
C:\USERS\NORRISL\DOCUMENTS\RPACKAGES\O4R\SRC\VSO4R.PDB
C:\Users\norrisl\Documents\RPackages\O4R\VSO4R\\..\src\VSO4R.dll
C:\Users\norrisl\Documents\RPackages\O4R\VSO4R\\..\src\VSO4R.pdb
C:\Users\norrisl\Documents\RPackages\O4R\VSO4R\VSO4R\Release\cl.command.1.tlog
C:\Users\norrisl\Documents\RPackages\O4R\VSO4R\VSO4R\Release\CL.read.1.tlog
C:\Users\norrisl\Documents\RPackages\O4R\VSO4R\VSO4R\Release\CL.write.1.tlog
C:\USERS\NORRISL\DOCUMENTS\RPACKAGES\O4R\VSO4R\VSO4R\RELEASE\COMEROR.OBJ
C:\USERS\NORRISL\DOCUMENTS\RPACKAGES\O4R\VSO4R\VSO4R\RELEASE\COMVARIANT.OBJ
C:\Users\norrisl\Documents\RPackages\O4R\VSO4R\VSO4R\Release\link.command.1.tlog
C:\Users\norrisl\Documents\RPackages\O4R\VSO4R\VSO4R\Release\link.read.1.tlog
C:\Users\norrisl\Documents\RPackages\O4R\VSO4R\VSO4R\Release\link.write.1.tlog
C:\Users\norrisl\Documents\RPackages\O4R\VSO4R\VSO4R\Release\mt.command.1.tlog
C:\Users\norrisl\Documents\RPackages\O4R\VSO4R\VSO4R\Release\mt.read.1.tlog
C:\Users\norrisl\Documents\RPackages\O4R\VSO4R\VSO4R\Release\mt.write.1.tlog
C:\USERS\NORRISL\DOCUMENTS\RPACKAGES\O4R\VSO4R\VSO4R\RELEASE\ODBOPROVIDERPROXY.OBJ
C:\USERS\NORRISL\DOCUMENTS\RPACKAGES\O4R\VSO4R\VSO4R\RELEASE\ODBOUTILS.OBJ
C:\USERS\NORRISL\DOCUMENTS\RPACKAGES\O4R\VSO4R\VSO4R\RELEASE\PARAMTERMAP.OBJ
C:\USERS\NORRISL\DOCUMENTS\RPACKAGES\O4R\VSO4R\VSO4R\RELEASE\UNICODE.OBJ
C:\USERS\NORRISL\DOCUMENTS\RPACKAGES\O4R\VSO4R\VSO4R\RELEASE\VARIANTPROXY.OBJ
C:\USERS\NORRISL\DOCUMENTS\RPACKAGES\O4R\VSO4R\VSO4R\RELEASE\VC100.PDB
C:\USERS\NORRISL\DOCUMENTS\RPACKAGES\O4R\VSO4R\VSO4R\RELEASE\VSO4R.DLL.INTERMEDIATE.MANIFEST
C:\USERS\NORRISL\DOCUMENTS\RPACKAGES\O4R\VSO4R\VSO4R\RELEASE\VSO4R.OBJ
C:\Users\norrisl\Documents\RPackages\O4R\VSO4R\VSO4R\Release\VSO4R.write.1.tlog
