Build started 21/08/2013 1:14:57 PM.
     1>Project "C:\Users\norrisl\Documents\RPackages\O4R\VSO4R\VSO4R\VSO4R.vcxproj" on node 2 (rebuild target(s)).
     1>_PrepareForClean:
         Deleting file "Debug\VSO4R.lastbuildstate".
       InitializeBuildStatus:
         Creating "Debug\VSO4R.unsuccessfulbuild" because "AlwaysCreate" was specified.
       ClCompile:
         C:\Program Files (x86)\Microsoft Visual Studio 10.0\VC\bin\CL.exe /c /ZI /nologo /W3 /WX- /Od /Oy- /D WIN32 /D _DEBUG /D _CONSOLE /D _WINDLL /D _UNICODE /D UNICODE /Gm /EHsc /RTC1 /MDd /GS /fp:precise /Zc:wchar_t /Zc:forScope /Fo"Debug\\" /Fd"Debug\vc100.pdb" /Gd /TP /analyze- /errorReport:prompt COMEror.cpp COMVariant.cpp VSO4R.cpp ODBOProviderProxy.cpp ODBOUtils.cpp ParamterMap.cpp Unicode.cpp VariantProxy.cpp
         VariantProxy.cpp
         Unicode.cpp
     1>c:\users\norrisl\documents\rpackages\o4r\vso4r\vso4r\unicode.cpp(24): warning C4996: 'wcstombs': This function or variable may be unsafe. Consider using wcstombs_s instead. To disable deprecation, use _CRT_SECURE_NO_WARNINGS. See online help for details.
                 c:\program files (x86)\microsoft visual studio 10.0\vc\include\stdlib.h(533) : see declaration of 'wcstombs'
     1>c:\users\norrisl\documents\rpackages\o4r\vso4r\vso4r\unicode.cpp(28): warning C4996: 'wcstombs': This function or variable may be unsafe. Consider using wcstombs_s instead. To disable deprecation, use _CRT_SECURE_NO_WARNINGS. See online help for details.
                 c:\program files (x86)\microsoft visual studio 10.0\vc\include\stdlib.h(533) : see declaration of 'wcstombs'
         ParamterMap.cpp
         ODBOUtils.cpp
         ODBOProviderProxy.cpp
         VSO4R.cpp
         COMVariant.cpp
         COMEror.cpp
         Generating Code...
       ManifestResourceCompile:
         C:\Program Files (x86)\Microsoft SDKs\Windows\v7.0A\bin\rc.exe /nologo /fo"Debug\VSO4R.dll.embed.manifest.res" Debug\VSO4R_manifest.rc 
       Link:
         C:\Program Files (x86)\Microsoft Visual Studio 10.0\VC\bin\link.exe /ERRORREPORT:PROMPT /OUT:"C:\Users\norrisl\Documents\RPackages\O4R\VSO4R\Debug\VSO4R.dll" /INCREMENTAL /NOLOGO msdasc.lib kernel32.lib user32.lib gdi32.lib winspool.lib comdlg32.lib advapi32.lib shell32.lib ole32.lib oleaut32.lib uuid.lib odbc32.lib odbccp32.lib /MANIFEST /ManifestFile:"Debug\VSO4R.dll.intermediate.manifest" /MANIFESTUAC:"level='asInvoker' uiAccess='false'" /DEBUG /PDB:"C:\Users\norrisl\Documents\RPackages\O4R\VSO4R\Debug\VSO4R.pdb" /SUBSYSTEM:CONSOLE /TLBID:1 /DYNAMICBASE /NXCOMPAT /IMPLIB:"C:\Users\norrisl\Documents\RPackages\O4R\VSO4R\Debug\VSO4R.lib" /MACHINE:X86 /DLL Debug\VSO4R.dll.embed.manifest.res
         Debug\COMEror.obj
         Debug\COMVariant.obj
         Debug\VSO4R.obj
         Debug\ODBOProviderProxy.obj
         Debug\ODBOUtils.obj
         Debug\ParamterMap.obj
         Debug\Unicode.obj
         Debug\VariantProxy.obj
       Manifest:
         Deleting file "Debug\VSO4R.dll.embed.manifest".
         C:\Program Files (x86)\Microsoft SDKs\Windows\v7.0A\bin\mt.exe /nologo /verbose /out:"Debug\VSO4R.dll.embed.manifest" /manifest Debug\VSO4R.dll.intermediate.manifest
         C:\Program Files (x86)\Microsoft SDKs\Windows\v7.0A\bin\rc.exe /nologo /fo"Debug\VSO4R.dll.embed.manifest.res" Debug\VSO4R_manifest.rc 
       LinkEmbedManifest:
         C:\Program Files (x86)\Microsoft Visual Studio 10.0\VC\bin\link.exe /ERRORREPORT:PROMPT /OUT:"C:\Users\norrisl\Documents\RPackages\O4R\VSO4R\Debug\VSO4R.dll" /INCREMENTAL /NOLOGO msdasc.lib kernel32.lib user32.lib gdi32.lib winspool.lib comdlg32.lib advapi32.lib shell32.lib ole32.lib oleaut32.lib uuid.lib odbc32.lib odbccp32.lib /MANIFEST /ManifestFile:"Debug\VSO4R.dll.intermediate.manifest" /MANIFESTUAC:"level='asInvoker' uiAccess='false'" /DEBUG /PDB:"C:\Users\norrisl\Documents\RPackages\O4R\VSO4R\Debug\VSO4R.pdb" /SUBSYSTEM:CONSOLE /TLBID:1 /DYNAMICBASE /NXCOMPAT /IMPLIB:"C:\Users\norrisl\Documents\RPackages\O4R\VSO4R\Debug\VSO4R.lib" /MACHINE:X86 /DLL Debug\VSO4R.dll.embed.manifest.res
         Debug\COMEror.obj
         Debug\COMVariant.obj
         Debug\VSO4R.obj
         Debug\ODBOProviderProxy.obj
         Debug\ODBOUtils.obj
         Debug\ParamterMap.obj
         Debug\Unicode.obj
         Debug\VariantProxy.obj
         VSO4R.vcxproj -> C:\Users\norrisl\Documents\RPackages\O4R\VSO4R\Debug\VSO4R.dll
       FinalizeBuildStatus:
         Deleting file "Debug\VSO4R.unsuccessfulbuild".
         Touching "Debug\VSO4R.lastbuildstate".
     1>Done Building Project "C:\Users\norrisl\Documents\RPackages\O4R\VSO4R\VSO4R\VSO4R.vcxproj" (rebuild target(s)).

Build succeeded.

Time Elapsed 00:00:04.97
