C:\Users\norrisl\Documents\RPackages\O4R\VSO4R\VSO4R\Debug\cl.command.1.tlog
C:\Users\norrisl\Documents\RPackages\O4R\VSO4R\VSO4R\Debug\CL.read.1.tlog
C:\Users\norrisl\Documents\RPackages\O4R\VSO4R\VSO4R\Debug\CL.write.1.tlog
C:\USERS\NORRISL\DOCUMENTS\RPACKAGES\O4R\VSO4R\VSO4R\DEBUG\COMEROR.OBJ
C:\USERS\NORRISL\DOCUMENTS\RPACKAGES\O4R\VSO4R\VSO4R\DEBUG\COMVARIANT.OBJ
C:\Users\norrisl\Documents\RPackages\O4R\VSO4R\VSO4R\Debug\link.17124.read.1.tlog
C:\Users\norrisl\Documents\RPackages\O4R\VSO4R\VSO4R\Debug\link.17124.write.1.tlog
C:\Users\norrisl\Documents\RPackages\O4R\VSO4R\VSO4R\Debug\link.17124-cvtres.read.1.tlog
C:\Users\norrisl\Documents\RPackages\O4R\VSO4R\VSO4R\Debug\link.17124-cvtres.write.1.tlog
C:\Users\norrisl\Documents\RPackages\O4R\VSO4R\VSO4R\Debug\link.command.1.tlog
C:\Users\norrisl\Documents\RPackages\O4R\VSO4R\VSO4R\Debug\link.read.1.tlog
C:\Users\norrisl\Documents\RPackages\O4R\VSO4R\VSO4R\Debug\link.write.1.tlog
C:\Users\norrisl\Documents\RPackages\O4R\VSO4R\VSO4R\Debug\link-cvtres.read.1.tlog
C:\Users\norrisl\Documents\RPackages\O4R\VSO4R\VSO4R\Debug\link-cvtres.write.1.tlog
C:\Users\norrisl\Documents\RPackages\O4R\VSO4R\VSO4R\Debug\mt.command.1.tlog
C:\Users\norrisl\Documents\RPackages\O4R\VSO4R\VSO4R\Debug\mt.read.1.tlog
C:\Users\norrisl\Documents\RPackages\O4R\VSO4R\VSO4R\Debug\mt.write.1.tlog
C:\USERS\NORRISL\DOCUMENTS\RPACKAGES\O4R\VSO4R\VSO4R\DEBUG\ODBOPROVIDERPROXY.OBJ
C:\USERS\NORRISL\DOCUMENTS\RPACKAGES\O4R\VSO4R\VSO4R\DEBUG\ODBOUTILS.OBJ
C:\USERS\NORRISL\DOCUMENTS\RPACKAGES\O4R\VSO4R\VSO4R\DEBUG\PARAMTERMAP.OBJ
C:\Users\norrisl\Documents\RPackages\O4R\VSO4R\VSO4R\Debug\rc.command.1.tlog
C:\Users\norrisl\Documents\RPackages\O4R\VSO4R\VSO4R\Debug\rc.read.1.tlog
C:\Users\norrisl\Documents\RPackages\O4R\VSO4R\VSO4R\Debug\rc.write.1.tlog
C:\USERS\NORRISL\DOCUMENTS\RPACKAGES\O4R\VSO4R\VSO4R\DEBUG\UNICODE.OBJ
C:\USERS\NORRISL\DOCUMENTS\RPACKAGES\O4R\VSO4R\VSO4R\DEBUG\VARIANTPROXY.OBJ
C:\Users\norrisl\Documents\RPackages\O4R\VSO4R\VSO4R\Debug\vc100.idb
C:\USERS\NORRISL\DOCUMENTS\RPACKAGES\O4R\VSO4R\VSO4R\DEBUG\VC100.PDB
C:\USERS\NORRISL\DOCUMENTS\RPACKAGES\O4R\VSO4R\VSO4R\DEBUG\VSO4R.DLL
C:\USERS\NORRISL\DOCUMENTS\RPACKAGES\O4R\VSO4R\VSO4R\DEBUG\VSO4R.DLL.EMBED.MANIFEST
C:\USERS\NORRISL\DOCUMENTS\RPACKAGES\O4R\VSO4R\VSO4R\DEBUG\VSO4R.DLL.EMBED.MANIFEST.RES
C:\USERS\NORRISL\DOCUMENTS\RPACKAGES\O4R\VSO4R\VSO4R\DEBUG\VSO4R.DLL.INTERMEDIATE.MANIFEST
C:\USERS\NORRISL\DOCUMENTS\RPACKAGES\O4R\VSO4R\VSO4R\DEBUG\VSO4R.ILK
C:\USERS\NORRISL\DOCUMENTS\RPACKAGES\O4R\VSO4R\VSO4R\DEBUG\VSO4R.OBJ
C:\USERS\NORRISL\DOCUMENTS\RPACKAGES\O4R\VSO4R\VSO4R\DEBUG\VSO4R.PDB
C:\Users\norrisl\Documents\RPackages\O4R\VSO4R\VSO4R\Debug\VSO4R_manifest.rc
